<?xml version="1.0" encoding="UTF-8"?>
<!-- Generated by org.testng.reporters.JUnitXMLReporter -->
<testsuite ignored="0" hostname="HIVANOVSKI" failures="2" tests="2" name="Default test" time="0.631" errors="0" timestamp="2023-11-04T15:37:53 CET">
  <testcase classname="io.cucumber.testng.AbstractTestNGCucumberTests" name="runScenario" time="0.12">
    <failure type="java.lang.NullPointerException" message="Cannot invoke &amp;quot;org.openqa.selenium.WebDriver.getCurrentUrl()&amp;quot; because &amp;quot;this.driver&amp;quot; is null">
      <![CDATA[java.lang.NullPointerException: Cannot invoke "org.openqa.selenium.WebDriver.getCurrentUrl()" because "this.driver" is null
at StepDefinitions.LoginSteps.user_is_on_the_home_page(LoginSteps.java:23)
at ✽.User is on the home page(file:///D:/Eclipse/eclipse-workspace/EdukativenCucamber/src/test/resources/Features/LogIn.feature:6)
]]>
    </failure>
  </testcase> <!-- runScenario -->
  <testcase classname="io.cucumber.testng.AbstractTestNGCucumberTests" name="runScenario" time="0.024">
    <failure type="java.lang.NullPointerException" message="Cannot invoke &amp;quot;org.openqa.selenium.WebDriver.getCurrentUrl()&amp;quot; because &amp;quot;this.driver&amp;quot; is null">
      <![CDATA[java.lang.NullPointerException: Cannot invoke "org.openqa.selenium.WebDriver.getCurrentUrl()" because "this.driver" is null
at StepDefinitions.CreateOrder.user_is_on_the_homepage(CreateOrder.java:31)
at ✽.User is on the homepage(file:///D:/Eclipse/eclipse-workspace/EdukativenCucamber/src/test/resources/Features/LogIn.feature:33)
]]>
    </failure>
  </testcase> <!-- runScenario -->
</testsuite> <!-- Default test -->
